Traceback (most recent call last):
  File "/opt/hostedtoolcache/Python/3.10.10/x64/lib/python3.10/site-packages/jupyter_cache/executors/utils.py", line 58, in single_nb_execution
    executenb(
  File "/opt/hostedtoolcache/Python/3.10.10/x64/lib/python3.10/site-packages/nbclient/client.py", line 1204, in execute
    return NotebookClient(nb=nb, resources=resources, km=km, **kwargs).execute()
  File "/opt/hostedtoolcache/Python/3.10.10/x64/lib/python3.10/site-packages/nbclient/util.py", line 84, in wrapped
    return just_run(coro(*args, **kwargs))
  File "/opt/hostedtoolcache/Python/3.10.10/x64/lib/python3.10/site-packages/nbclient/util.py", line 62, in just_run
    return loop.run_until_complete(coro)
  File "/opt/hostedtoolcache/Python/3.10.10/x64/lib/python3.10/asyncio/base_events.py", line 649, in run_until_complete
    return future.result()
  File "/opt/hostedtoolcache/Python/3.10.10/x64/lib/python3.10/site-packages/nbclient/client.py", line 663, in async_execute
    await self.async_execute_cell(
  File "/opt/hostedtoolcache/Python/3.10.10/x64/lib/python3.10/site-packages/nbclient/client.py", line 965, in async_execute_cell
    await self._check_raise_for_error(cell, cell_index, exec_reply)
  File "/opt/hostedtoolcache/Python/3.10.10/x64/lib/python3.10/site-packages/nbclient/client.py", line 862, in _check_raise_for_error
    raise CellExecutionError.from_cell_and_msg(cell, exec_reply_content)
nbclient.exceptions.CellExecutionError: An error occurred while executing the following cell:
------------------
from tespy.networks import Network
from tespy.connections import Connection, Bus
from tespy.components import CycleCloser, Pump, HeatExchangerSimple, Turbine

# Network
nw = Network(fluids=['water'])
nw.set_attr(T_unit='C', p_unit='bar', h_unit='kJ / kg')

# Components
cycle_closer = CycleCloser('Cycle Closer')
turbine = Turbine('Steam Turbine')
condenser = HeatExchangerSimple('Condenser')
fw_pump = Pump('Feed Water Pump')
steam_generator = HeatExchangerSimple('Steam Generator')

# Connections
steamgen2cc = Connection(steam_generator, 'out1', cycle_closer, 'in1', label='0')
cc2turb = Connection(cycle_closer, 'out1', turbine, 'in1', label='1')
turb2cond = Connection(turbine, 'out1', condenser, 'in1', label='2')
cond2pump = Connection(condenser, 'out1', fw_pump, 'in1', label='3')
pump2steamgen = Connection(fw_pump, 'out1', steam_generator, 'in1', label='4')

nw.add_conns(steamgen2cc, cc2turb, turb2cond, cond2pump, pump2steamgen)

# Component Parametrization
turbine.set_attr(eta_s=0.9)
condenser.set_attr(pr=1)
fw_pump.set_attr(eta_s=0.75)
steam_generator.set_attr(pr=0.9)

# Connection Parametrization
cc2turb.set_attr(T=600, p=150, m=10, fluid={'water': 1})
turb2cond.set_attr(p=0.1)
cond2pump.set_attr(x=0)

# Busses
heat_in = Bus('Heat Input')
heat_in.add_comps({'comp': steam_generator, 'base': 'bus'})

power_out = Bus('Power Output')
power_out.add_comps(
    {'comp': turbine, 'char': 0.96, 'base': 'component'},
    {'comp': fw_pump, 'char': 0.96, 'base': 'bus'}
    )

heat_out = Bus('Heat Output')
heat_out.add_comps({'comp': condenser, 'base': 'component'})

nw.add_busses(heat_in, power_out, heat_out)
------------------

[0;31m---------------------------------------------------------------------------[0m
[0;31mModuleNotFoundError[0m                       Traceback (most recent call last)
Cell [0;32mIn[1], line 1[0m
[0;32m----> 1[0m [38;5;28;01mfrom[39;00m [38;5;21;01mtespy[39;00m[38;5;21;01m.[39;00m[38;5;21;01mnetworks[39;00m [38;5;28;01mimport[39;00m Network
[1;32m      2[0m [38;5;28;01mfrom[39;00m [38;5;21;01mtespy[39;00m[38;5;21;01m.[39;00m[38;5;21;01mconnections[39;00m [38;5;28;01mimport[39;00m Connection, Bus
[1;32m      3[0m [38;5;28;01mfrom[39;00m [38;5;21;01mtespy[39;00m[38;5;21;01m.[39;00m[38;5;21;01mcomponents[39;00m [38;5;28;01mimport[39;00m CycleCloser, Pump, HeatExchangerSimple, Turbine

[0;31mModuleNotFoundError[0m: No module named 'tespy'
ModuleNotFoundError: No module named 'tespy'

